running egg_info
creating build/arkvision_six_cameras/arkvision_six_cameras.egg-info
writing build/arkvision_six_cameras/arkvision_six_cameras.egg-info/PKG-INFO
writing dependency_links to build/arkvision_six_cameras/arkvision_six_cameras.egg-info/dependency_links.txt
writing entry points to build/arkvision_six_cameras/arkvision_six_cameras.egg-info/entry_points.txt
writing requirements to build/arkvision_six_cameras/arkvision_six_cameras.egg-info/requires.txt
writing top-level names to build/arkvision_six_cameras/arkvision_six_cameras.egg-info/top_level.txt
writing manifest file 'build/arkvision_six_cameras/arkvision_six_cameras.egg-info/SOURCES.txt'
reading manifest file 'build/arkvision_six_cameras/arkvision_six_cameras.egg-info/SOURCES.txt'
writing manifest file 'build/arkvision_six_cameras/arkvision_six_cameras.egg-info/SOURCES.txt'
running build
running build_py
creating /home/gunreben/ros2_ws/src/arkvision_six_cameras/build/arkvision_six_cameras/build
creating /home/gunreben/ros2_ws/src/arkvision_six_cameras/build/arkvision_six_cameras/build/lib
creating /home/gunreben/ros2_ws/src/arkvision_six_cameras/build/arkvision_six_cameras/build/lib/arkvision_six_cameras
copying arkvision_six_cameras/camera_stream_node.py -> /home/gunreben/ros2_ws/src/arkvision_six_cameras/build/arkvision_six_cameras/build/lib/arkvision_six_cameras
copying arkvision_six_cameras/__init__.py -> /home/gunreben/ros2_ws/src/arkvision_six_cameras/build/arkvision_six_cameras/build/lib/arkvision_six_cameras
running install
running install_lib
creating /home/gunreben/ros2_ws/src/arkvision_six_cameras/install/arkvision_six_cameras/lib/python3.10/site-packages/arkvision_six_cameras
copying /home/gunreben/ros2_ws/src/arkvision_six_cameras/build/arkvision_six_cameras/build/lib/arkvision_six_cameras/camera_stream_node.py -> /home/gunreben/ros2_ws/src/arkvision_six_cameras/install/arkvision_six_cameras/lib/python3.10/site-packages/arkvision_six_cameras
copying /home/gunreben/ros2_ws/src/arkvision_six_cameras/build/arkvision_six_cameras/build/lib/arkvision_six_cameras/__init__.py -> /home/gunreben/ros2_ws/src/arkvision_six_cameras/install/arkvision_six_cameras/lib/python3.10/site-packages/arkvision_six_cameras
byte-compiling /home/gunreben/ros2_ws/src/arkvision_six_cameras/install/arkvision_six_cameras/lib/python3.10/site-packages/arkvision_six_cameras/camera_stream_node.py to camera_stream_node.cpython-310.pyc
byte-compiling /home/gunreben/ros2_ws/src/arkvision_six_cameras/install/arkvision_six_cameras/lib/python3.10/site-packages/arkvision_six_cameras/__init__.py to __init__.cpython-310.pyc
running install_data
creating /home/gunreben/ros2_ws/src/arkvision_six_cameras/install/arkvision_six_cameras/share/ament_index
creating /home/gunreben/ros2_ws/src/arkvision_six_cameras/install/arkvision_six_cameras/share/ament_index/resource_index
creating /home/gunreben/ros2_ws/src/arkvision_six_cameras/install/arkvision_six_cameras/share/ament_index/resource_index/packages
copying resource/arkvision_six_cameras -> /home/gunreben/ros2_ws/src/arkvision_six_cameras/install/arkvision_six_cameras/share/ament_index/resource_index/packages
copying package.xml -> /home/gunreben/ros2_ws/src/arkvision_six_cameras/install/arkvision_six_cameras/share/arkvision_six_cameras
running install_egg_info
Copying build/arkvision_six_cameras/arkvision_six_cameras.egg-info to /home/gunreben/ros2_ws/src/arkvision_six_cameras/install/arkvision_six_cameras/lib/python3.10/site-packages/arkvision_six_cameras-0.1.0-py3.10.egg-info
running install_scripts
Installing camera_stream_launch script to /home/gunreben/ros2_ws/src/arkvision_six_cameras/install/arkvision_six_cameras/lib/arkvision_six_cameras
Installing camera_stream_node script to /home/gunreben/ros2_ws/src/arkvision_six_cameras/install/arkvision_six_cameras/lib/arkvision_six_cameras
writing list of installed files to '/home/gunreben/ros2_ws/src/arkvision_six_cameras/build/arkvision_six_cameras/install.log'
