[0.397s] Invoking command in '/home/gunreben/ros2_ws/src/arkvision_six_cameras': PYTHONPATH=/home/gunreben/ros2_ws/src/arkvision_six_cameras/build/arkvision_six_cameras/prefix_override:/home/gunreben/ros2_ws/src/arkvision_six_cameras/install/arkvision_six_cameras/lib/python3.10/site-packages:${PYTHONPATH} /usr/bin/python3 setup.py egg_info --egg-base build/arkvision_six_cameras build --build-base /home/gunreben/ros2_ws/src/arkvision_six_cameras/build/arkvision_six_cameras/build install --record /home/gunreben/ros2_ws/src/arkvision_six_cameras/build/arkvision_six_cameras/install.log --single-version-externally-managed
[0.515s] running egg_info
[0.515s] creating build/arkvision_six_cameras/arkvision_six_cameras.egg-info
[0.515s] writing build/arkvision_six_cameras/arkvision_six_cameras.egg-info/PKG-INFO
[0.515s] writing dependency_links to build/arkvision_six_cameras/arkvision_six_cameras.egg-info/dependency_links.txt
[0.515s] writing entry points to build/arkvision_six_cameras/arkvision_six_cameras.egg-info/entry_points.txt
[0.515s] writing requirements to build/arkvision_six_cameras/arkvision_six_cameras.egg-info/requires.txt
[0.516s] writing top-level names to build/arkvision_six_cameras/arkvision_six_cameras.egg-info/top_level.txt
[0.516s] writing manifest file 'build/arkvision_six_cameras/arkvision_six_cameras.egg-info/SOURCES.txt'
[0.516s] reading manifest file 'build/arkvision_six_cameras/arkvision_six_cameras.egg-info/SOURCES.txt'
[0.517s] writing manifest file 'build/arkvision_six_cameras/arkvision_six_cameras.egg-info/SOURCES.txt'
[0.517s] running build
[0.517s] running build_py
[0.517s] creating /home/gunreben/ros2_ws/src/arkvision_six_cameras/build/arkvision_six_cameras/build
[0.517s] creating /home/gunreben/ros2_ws/src/arkvision_six_cameras/build/arkvision_six_cameras/build/lib
[0.517s] creating /home/gunreben/ros2_ws/src/arkvision_six_cameras/build/arkvision_six_cameras/build/lib/arkvision_six_cameras
[0.517s] copying arkvision_six_cameras/camera_stream_node.py -> /home/gunreben/ros2_ws/src/arkvision_six_cameras/build/arkvision_six_cameras/build/lib/arkvision_six_cameras
[0.517s] copying arkvision_six_cameras/__init__.py -> /home/gunreben/ros2_ws/src/arkvision_six_cameras/build/arkvision_six_cameras/build/lib/arkvision_six_cameras
[0.517s] running install
[0.517s] /usr/lib/python3/dist-packages/setuptools/command/install.py:34: SetuptoolsDeprecationWarning: setup.py install is deprecated. Use build and pip and other standards-based tools.
[0.517s]   warnings.warn(
[0.517s] running install_lib
[0.517s] creating /home/gunreben/ros2_ws/src/arkvision_six_cameras/install/arkvision_six_cameras/lib/python3.10/site-packages/arkvision_six_cameras
[0.517s] copying /home/gunreben/ros2_ws/src/arkvision_six_cameras/build/arkvision_six_cameras/build/lib/arkvision_six_cameras/camera_stream_node.py -> /home/gunreben/ros2_ws/src/arkvision_six_cameras/install/arkvision_six_cameras/lib/python3.10/site-packages/arkvision_six_cameras
[0.518s] copying /home/gunreben/ros2_ws/src/arkvision_six_cameras/build/arkvision_six_cameras/build/lib/arkvision_six_cameras/__init__.py -> /home/gunreben/ros2_ws/src/arkvision_six_cameras/install/arkvision_six_cameras/lib/python3.10/site-packages/arkvision_six_cameras
[0.518s] byte-compiling /home/gunreben/ros2_ws/src/arkvision_six_cameras/install/arkvision_six_cameras/lib/python3.10/site-packages/arkvision_six_cameras/camera_stream_node.py to camera_stream_node.cpython-310.pyc
[0.518s] byte-compiling /home/gunreben/ros2_ws/src/arkvision_six_cameras/install/arkvision_six_cameras/lib/python3.10/site-packages/arkvision_six_cameras/__init__.py to __init__.cpython-310.pyc
[0.518s] running install_data
[0.518s] creating /home/gunreben/ros2_ws/src/arkvision_six_cameras/install/arkvision_six_cameras/share/ament_index
[0.518s] creating /home/gunreben/ros2_ws/src/arkvision_six_cameras/install/arkvision_six_cameras/share/ament_index/resource_index
[0.519s] creating /home/gunreben/ros2_ws/src/arkvision_six_cameras/install/arkvision_six_cameras/share/ament_index/resource_index/packages
[0.519s] copying resource/arkvision_six_cameras -> /home/gunreben/ros2_ws/src/arkvision_six_cameras/install/arkvision_six_cameras/share/ament_index/resource_index/packages
[0.519s] copying package.xml -> /home/gunreben/ros2_ws/src/arkvision_six_cameras/install/arkvision_six_cameras/share/arkvision_six_cameras
[0.519s] running install_egg_info
[0.519s] Copying build/arkvision_six_cameras/arkvision_six_cameras.egg-info to /home/gunreben/ros2_ws/src/arkvision_six_cameras/install/arkvision_six_cameras/lib/python3.10/site-packages/arkvision_six_cameras-0.1.0-py3.10.egg-info
[0.520s] running install_scripts
[0.530s] Installing camera_stream_launch script to /home/gunreben/ros2_ws/src/arkvision_six_cameras/install/arkvision_six_cameras/lib/arkvision_six_cameras
[0.530s] Installing camera_stream_node script to /home/gunreben/ros2_ws/src/arkvision_six_cameras/install/arkvision_six_cameras/lib/arkvision_six_cameras
[0.530s] writing list of installed files to '/home/gunreben/ros2_ws/src/arkvision_six_cameras/build/arkvision_six_cameras/install.log'
[0.541s] Invoked command in '/home/gunreben/ros2_ws/src/arkvision_six_cameras' returned '0': PYTHONPATH=/home/gunreben/ros2_ws/src/arkvision_six_cameras/build/arkvision_six_cameras/prefix_override:/home/gunreben/ros2_ws/src/arkvision_six_cameras/install/arkvision_six_cameras/lib/python3.10/site-packages:${PYTHONPATH} /usr/bin/python3 setup.py egg_info --egg-base build/arkvision_six_cameras build --build-base /home/gunreben/ros2_ws/src/arkvision_six_cameras/build/arkvision_six_cameras/build install --record /home/gunreben/ros2_ws/src/arkvision_six_cameras/build/arkvision_six_cameras/install.log --single-version-externally-managed
