[0.545s] [34mcolcon[0m [1;30mDEBUG[0m [32mCommand line arguments: ['/usr/bin/colcon', 'build'][0m
[0.545s] [34mcolcon[0m [1;30mDEBUG[0m [32mParsed command line arguments: Namespace(log_base=None, log_level=None, verb_name='build', build_base='build', install_base='install', merge_install=False, symlink_install=False, test_result_base=None, continue_on_error=False, executor='parallel', parallel_workers=32, event_handlers=None, ignore_user_meta=False, metas=['./colcon.meta'], base_paths=['.'], packages_ignore=None, packages_ignore_regex=None, paths=None, packages_up_to=None, packages_up_to_regex=None, packages_above=None, packages_above_and_dependencies=None, packages_above_depth=None, packages_select_by_dep=None, packages_skip_by_dep=None, packages_skip_up_to=None, packages_select_build_failed=False, packages_skip_build_finished=False, packages_select_test_failures=False, packages_skip_test_passed=False, packages_select=None, packages_skip=None, packages_select_regex=None, packages_skip_regex=None, packages_start=None, packages_end=None, allow_overriding=[], cmake_args=None, cmake_target=None, cmake_target_skip_unavailable=False, cmake_clean_cache=False, cmake_clean_first=False, cmake_force_configure=False, ament_cmake_args=None, catkin_cmake_args=None, catkin_skip_building_tests=False, verb_parser=<colcon_defaults.argument_parser.defaults.DefaultArgumentsDecorator object at 0x7f22613dd570>, verb_extension=<colcon_core.verb.build.BuildVerb object at 0x7f2261603d30>, main=<bound method BuildVerb.main of <colcon_core.verb.build.BuildVerb object at 0x7f2261603d30>>)[0m
[0.569s] [34mcolcon.colcon_core.package_discovery[0m [1;30mLevel 1[0m discover_packages(colcon_meta) check parameters
[0.569s] [34mcolcon.colcon_core.package_discovery[0m [1;30mLevel 1[0m discover_packages(recursive) check parameters
[0.569s] [34mcolcon.colcon_core.package_discovery[0m [1;30mLevel 1[0m discover_packages(ignore) check parameters
[0.569s] [34mcolcon.colcon_core.package_discovery[0m [1;30mLevel 1[0m discover_packages(path) check parameters
[0.569s] [34mcolcon.colcon_core.package_discovery[0m [1;30mLevel 1[0m discover_packages(colcon_meta) discover
[0.569s] [34mcolcon.colcon_core.package_discovery[0m [1;30mLevel 1[0m discover_packages(recursive) discover
[0.569s] [34mcolcon.colcon_core.package_discovery[0m [1;30mINFO[0m Crawling recursively for packages in '/home/gunreben/ros2_ws/src/arkvision_six_cameras'
[0.569s] [34mcolcon.colcon_core.package_identification[0m [1;30mLevel 1[0m _identify(.) by extensions ['ignore', 'ignore_ament_install']
[0.569s] [34mcolcon.colcon_core.package_identification[0m [1;30mLevel 1[0m _identify(.) by extension 'ignore'
[0.569s] [34mcolcon.colcon_core.package_identification[0m [1;30mLevel 1[0m _identify(.) by extension 'ignore_ament_install'
[0.569s] [34mcolcon.colcon_core.package_identification[0m [1;30mLevel 1[0m _identify(.) by extensions ['colcon_pkg']
[0.569s] [34mcolcon.colcon_core.package_identification[0m [1;30mLevel 1[0m _identify(.) by extension 'colcon_pkg'
[0.569s] [34mcolcon.colcon_core.package_identification[0m [1;30mLevel 1[0m _identify(.) by extensions ['colcon_meta']
[0.569s] [34mcolcon.colcon_core.package_identification[0m [1;30mLevel 1[0m _identify(.) by extension 'colcon_meta'
[0.569s] [34mcolcon.colcon_core.package_identification[0m [1;30mLevel 1[0m _identify(.) by extensions ['ros']
[0.569s] [34mcolcon.colcon_core.package_identification[0m [1;30mLevel 1[0m _identify(.) by extension 'ros'
[0.577s] [34mcolcon.colcon_core.package_identification[0m [1;30mDEBUG[0m [32mPackage '.' with type 'ros.ament_python' and name 'arkvision_six_cameras'[0m
[0.577s] [34mcolcon.colcon_core.package_discovery[0m [1;30mLevel 1[0m discover_packages(recursive) using defaults
[0.577s] [34mcolcon.colcon_core.package_discovery[0m [1;30mLevel 1[0m discover_packages(ignore) discover
[0.577s] [34mcolcon.colcon_core.package_discovery[0m [1;30mLevel 1[0m discover_packages(ignore) using defaults
[0.577s] [34mcolcon.colcon_core.package_discovery[0m [1;30mLevel 1[0m discover_packages(path) discover
[0.577s] [34mcolcon.colcon_core.package_discovery[0m [1;30mLevel 1[0m discover_packages(path) using defaults
[0.623s] [34mcolcon.colcon_core.package_discovery[0m [1;30mLevel 1[0m discover_packages(prefix_path) check parameters
[0.623s] [34mcolcon.colcon_core.package_discovery[0m [1;30mLevel 1[0m discover_packages(prefix_path) discover
[0.639s] [34mcolcon.colcon_installed_package_information.package_discovery[0m [1;30mDEBUG[0m [32mFound 2 installed packages in /home/gunreben/ros2_ws/install[0m
[0.653s] [34mcolcon.colcon_installed_package_information.package_discovery[0m [1;30mDEBUG[0m [32mFound 270 installed packages in /opt/ros/humble[0m
[0.653s] [34mcolcon.colcon_core.package_discovery[0m [1;30mLevel 1[0m discover_packages(prefix_path) using defaults
[0.697s] [34mcolcon.colcon_core.verb[0m [1;30mLevel 5[0m set package 'arkvision_six_cameras' build argument 'cmake_args' from command line to 'None'
[0.697s] [34mcolcon.colcon_core.verb[0m [1;30mLevel 5[0m set package 'arkvision_six_cameras' build argument 'cmake_target' from command line to 'None'
[0.697s] [34mcolcon.colcon_core.verb[0m [1;30mLevel 5[0m set package 'arkvision_six_cameras' build argument 'cmake_target_skip_unavailable' from command line to 'False'
[0.697s] [34mcolcon.colcon_core.verb[0m [1;30mLevel 5[0m set package 'arkvision_six_cameras' build argument 'cmake_clean_cache' from command line to 'False'
[0.697s] [34mcolcon.colcon_core.verb[0m [1;30mLevel 5[0m set package 'arkvision_six_cameras' build argument 'cmake_clean_first' from command line to 'False'
[0.697s] [34mcolcon.colcon_core.verb[0m [1;30mLevel 5[0m set package 'arkvision_six_cameras' build argument 'cmake_force_configure' from command line to 'False'
[0.697s] [34mcolcon.colcon_core.verb[0m [1;30mLevel 5[0m set package 'arkvision_six_cameras' build argument 'ament_cmake_args' from command line to 'None'
[0.697s] [34mcolcon.colcon_core.verb[0m [1;30mLevel 5[0m set package 'arkvision_six_cameras' build argument 'catkin_cmake_args' from command line to 'None'
[0.697s] [34mcolcon.colcon_core.verb[0m [1;30mLevel 5[0m set package 'arkvision_six_cameras' build argument 'catkin_skip_building_tests' from command line to 'False'
[0.697s] [34mcolcon.colcon_core.verb[0m [1;30mDEBUG[0m [32mBuilding package 'arkvision_six_cameras' with the following arguments: {'ament_cmake_args': None, 'build_base': '/home/gunreben/ros2_ws/src/arkvision_six_cameras/build/arkvision_six_cameras', 'catkin_cmake_args': None, 'catkin_skip_building_tests': False, 'cmake_args': None, 'cmake_clean_cache': False, 'cmake_clean_first': False, 'cmake_force_configure': False, 'cmake_target': None, 'cmake_target_skip_unavailable': False, 'install_base': '/home/gunreben/ros2_ws/src/arkvision_six_cameras/install/arkvision_six_cameras', 'merge_install': False, 'path': '/home/gunreben/ros2_ws/src/arkvision_six_cameras', 'symlink_install': False, 'test_result_base': None}[0m
[0.704s] [34mcolcon.colcon_core.executor[0m [1;30mINFO[0m Executing jobs using 'parallel' executor
[0.711s] [34mcolcon.colcon_parallel_executor.executor.parallel[0m [1;30mDEBUG[0m [32mrun_until_complete[0m
[0.711s] [34mcolcon.colcon_ros.task.ament_python.build[0m [1;30mINFO[0m Building ROS package in '/home/gunreben/ros2_ws/src/arkvision_six_cameras' with build type 'ament_python'
[0.711s] [34mcolcon.colcon_core.shell[0m [1;30mLevel 1[0m create_environment_hook('arkvision_six_cameras', 'ament_prefix_path')
[0.719s] [34mcolcon.colcon_core.plugin_system[0m [1;30mINFO[0m Skipping extension 'colcon_core.shell.bat': Not used on non-Windows systems
[0.719s] [34mcolcon.colcon_core.shell[0m [1;30mINFO[0m Creating environment hook '/home/gunreben/ros2_ws/src/arkvision_six_cameras/install/arkvision_six_cameras/share/arkvision_six_cameras/hook/ament_prefix_path.ps1'
[0.719s] [34mcolcon.colcon_core.shell[0m [1;30mINFO[0m Creating environment descriptor '/home/gunreben/ros2_ws/src/arkvision_six_cameras/install/arkvision_six_cameras/share/arkvision_six_cameras/hook/ament_prefix_path.dsv'
[0.719s] [34mcolcon.colcon_core.shell[0m [1;30mINFO[0m Creating environment hook '/home/gunreben/ros2_ws/src/arkvision_six_cameras/install/arkvision_six_cameras/share/arkvision_six_cameras/hook/ament_prefix_path.sh'
[0.727s] [34mcolcon.colcon_core.shell[0m [1;30mINFO[0m Skip shell extension 'powershell' for command environment: Not usable outside of PowerShell
[0.727s] [34mcolcon.colcon_core.shell[0m [1;30mDEBUG[0m [32mSkip shell extension 'dsv' for command environment[0m
[0.884s] [34mcolcon.colcon_core.task.python.build[0m [1;30mINFO[0m Building Python package in '/home/gunreben/ros2_ws/src/arkvision_six_cameras'
[0.892s] [34mcolcon.colcon_core.shell[0m [1;30mINFO[0m Skip shell extension 'powershell' for command environment: Not usable outside of PowerShell
[0.892s] [34mcolcon.colcon_core.shell[0m [1;30mDEBUG[0m [32mSkip shell extension 'dsv' for command environment[0m
[1.116s] [34mcolcon.colcon_core.event_handler.log_command[0m [1;30mDEBUG[0m [32mInvoking command in '/home/gunreben/ros2_ws/src/arkvision_six_cameras': PYTHONPATH=/home/gunreben/ros2_ws/src/arkvision_six_cameras/build/arkvision_six_cameras/prefix_override:/home/gunreben/ros2_ws/src/arkvision_six_cameras/install/arkvision_six_cameras/lib/python3.10/site-packages:${PYTHONPATH} /usr/bin/python3 setup.py egg_info --egg-base build/arkvision_six_cameras build --build-base /home/gunreben/ros2_ws/src/arkvision_six_cameras/build/arkvision_six_cameras/build install --record /home/gunreben/ros2_ws/src/arkvision_six_cameras/build/arkvision_six_cameras/install.log --single-version-externally-managed[0m
[1.261s] [34mcolcon.colcon_core.event_handler.log_command[0m [1;30mDEBUG[0m [32mInvoked command in '/home/gunreben/ros2_ws/src/arkvision_six_cameras' returned '0': PYTHONPATH=/home/gunreben/ros2_ws/src/arkvision_six_cameras/build/arkvision_six_cameras/prefix_override:/home/gunreben/ros2_ws/src/arkvision_six_cameras/install/arkvision_six_cameras/lib/python3.10/site-packages:${PYTHONPATH} /usr/bin/python3 setup.py egg_info --egg-base build/arkvision_six_cameras build --build-base /home/gunreben/ros2_ws/src/arkvision_six_cameras/build/arkvision_six_cameras/build install --record /home/gunreben/ros2_ws/src/arkvision_six_cameras/build/arkvision_six_cameras/install.log --single-version-externally-managed[0m
[1.270s] [34mcolcon.colcon_core.environment[0m [1;30mLevel 1[0m checking '/home/gunreben/ros2_ws/src/arkvision_six_cameras/install/arkvision_six_cameras' for CMake module files
[1.270s] [34mcolcon.colcon_core.environment[0m [1;30mLevel 1[0m checking '/home/gunreben/ros2_ws/src/arkvision_six_cameras/install/arkvision_six_cameras' for CMake config files
[1.270s] [34mcolcon.colcon_core.environment[0m [1;30mLevel 1[0m checking '/home/gunreben/ros2_ws/src/arkvision_six_cameras/install/arkvision_six_cameras/lib'
[1.270s] [34mcolcon.colcon_core.environment[0m [1;30mLevel 1[0m checking '/home/gunreben/ros2_ws/src/arkvision_six_cameras/install/arkvision_six_cameras/bin'
[1.270s] [34mcolcon.colcon_core.environment[0m [1;30mLevel 1[0m checking '/home/gunreben/ros2_ws/src/arkvision_six_cameras/install/arkvision_six_cameras/lib/pkgconfig/arkvision_six_cameras.pc'
[1.271s] [34mcolcon.colcon_core.environment[0m [1;30mLevel 1[0m checking '/home/gunreben/ros2_ws/src/arkvision_six_cameras/install/arkvision_six_cameras/lib/python3.10/site-packages'
[1.271s] [34mcolcon.colcon_core.shell[0m [1;30mLevel 1[0m create_environment_hook('arkvision_six_cameras', 'pythonpath')
[1.278s] [34mcolcon.colcon_core.shell[0m [1;30mINFO[0m Creating environment hook '/home/gunreben/ros2_ws/src/arkvision_six_cameras/install/arkvision_six_cameras/share/arkvision_six_cameras/hook/pythonpath.ps1'
[1.278s] [34mcolcon.colcon_core.shell[0m [1;30mINFO[0m Creating environment descriptor '/home/gunreben/ros2_ws/src/arkvision_six_cameras/install/arkvision_six_cameras/share/arkvision_six_cameras/hook/pythonpath.dsv'
[1.278s] [34mcolcon.colcon_core.shell[0m [1;30mINFO[0m Creating environment hook '/home/gunreben/ros2_ws/src/arkvision_six_cameras/install/arkvision_six_cameras/share/arkvision_six_cameras/hook/pythonpath.sh'
[1.279s] [34mcolcon.colcon_core.environment[0m [1;30mLevel 1[0m checking '/home/gunreben/ros2_ws/src/arkvision_six_cameras/install/arkvision_six_cameras/bin'
[1.279s] [34mcolcon.colcon_core.environment[0m [1;30mLevel 1[0m create_environment_scripts_only(arkvision_six_cameras)
[1.286s] [34mcolcon.colcon_core.shell[0m [1;30mINFO[0m Creating package script '/home/gunreben/ros2_ws/src/arkvision_six_cameras/install/arkvision_six_cameras/share/arkvision_six_cameras/package.ps1'
[1.286s] [34mcolcon.colcon_core.shell[0m [1;30mINFO[0m Creating package descriptor '/home/gunreben/ros2_ws/src/arkvision_six_cameras/install/arkvision_six_cameras/share/arkvision_six_cameras/package.dsv'
[1.287s] [34mcolcon.colcon_core.shell[0m [1;30mINFO[0m Creating package script '/home/gunreben/ros2_ws/src/arkvision_six_cameras/install/arkvision_six_cameras/share/arkvision_six_cameras/package.sh'
[1.287s] [34mcolcon.colcon_core.shell[0m [1;30mINFO[0m Creating package script '/home/gunreben/ros2_ws/src/arkvision_six_cameras/install/arkvision_six_cameras/share/arkvision_six_cameras/package.bash'
[1.287s] [34mcolcon.colcon_core.shell[0m [1;30mINFO[0m Creating package script '/home/gunreben/ros2_ws/src/arkvision_six_cameras/install/arkvision_six_cameras/share/arkvision_six_cameras/package.zsh'
[1.288s] [34mcolcon.colcon_core.environment[0m [1;30mLevel 1[0m create_file_with_runtime_dependencies(/home/gunreben/ros2_ws/src/arkvision_six_cameras/install/arkvision_six_cameras/share/colcon-core/packages/arkvision_six_cameras)
[1.288s] [34mcolcon.colcon_parallel_executor.executor.parallel[0m [1;30mDEBUG[0m [32mclosing loop[0m
[1.288s] [34mcolcon.colcon_parallel_executor.executor.parallel[0m [1;30mDEBUG[0m [32mloop closed[0m
[1.288s] [34mcolcon.colcon_parallel_executor.executor.parallel[0m [1;30mDEBUG[0m [32mrun_until_complete finished with '0'[0m
[1.288s] [34mcolcon.colcon_core.event_reactor[0m [1;30mDEBUG[0m [32mjoining thread[0m
[1.298s] [34mcolcon.colcon_core.plugin_system[0m [1;30mINFO[0m Skipping extension 'colcon_notification.desktop_notification.terminal_notifier': Not used on non-Darwin systems
[1.298s] [34mcolcon.colcon_core.plugin_system[0m [1;30mINFO[0m Skipping extension 'colcon_notification.desktop_notification.win32': Not used on non-Windows systems
[1.298s] [34mcolcon.colcon_notification.desktop_notification[0m [1;30mINFO[0m Sending desktop notification using 'notify2'
[1.310s] [34mcolcon.colcon_core.event_reactor[0m [1;30mDEBUG[0m [32mjoined thread[0m
[1.318s] [34mcolcon.colcon_core.shell[0m [1;30mINFO[0m Creating prefix script '/home/gunreben/ros2_ws/src/arkvision_six_cameras/install/local_setup.ps1'
[1.318s] [34mcolcon.colcon_core.shell[0m [1;30mINFO[0m Creating prefix util module '/home/gunreben/ros2_ws/src/arkvision_six_cameras/install/_local_setup_util_ps1.py'
[1.319s] [34mcolcon.colcon_core.shell[0m [1;30mINFO[0m Creating prefix chain script '/home/gunreben/ros2_ws/src/arkvision_six_cameras/install/setup.ps1'
[1.327s] [34mcolcon.colcon_core.shell[0m [1;30mINFO[0m Creating prefix script '/home/gunreben/ros2_ws/src/arkvision_six_cameras/install/local_setup.sh'
[1.327s] [34mcolcon.colcon_core.shell[0m [1;30mINFO[0m Creating prefix util module '/home/gunreben/ros2_ws/src/arkvision_six_cameras/install/_local_setup_util_sh.py'
[1.327s] [34mcolcon.colcon_core.shell[0m [1;30mINFO[0m Creating prefix chain script '/home/gunreben/ros2_ws/src/arkvision_six_cameras/install/setup.sh'
[1.335s] [34mcolcon.colcon_core.shell[0m [1;30mINFO[0m Creating prefix script '/home/gunreben/ros2_ws/src/arkvision_six_cameras/install/local_setup.bash'
[1.335s] [34mcolcon.colcon_core.shell[0m [1;30mINFO[0m Creating prefix chain script '/home/gunreben/ros2_ws/src/arkvision_six_cameras/install/setup.bash'
[1.343s] [34mcolcon.colcon_core.shell[0m [1;30mINFO[0m Creating prefix script '/home/gunreben/ros2_ws/src/arkvision_six_cameras/install/local_setup.zsh'
[1.343s] [34mcolcon.colcon_core.shell[0m [1;30mINFO[0m Creating prefix chain script '/home/gunreben/ros2_ws/src/arkvision_six_cameras/install/setup.zsh'
