[0.405s] Invoking command in '/home/gunreben/ros2_ws/src/arkvision_six_cameras': PYTHONPATH=/home/gunreben/ros2_ws/src/arkvision_six_cameras/build/arkvision_six_cameras/prefix_override:/home/gunreben/ros2_ws/src/arkvision_six_cameras/install/arkvision_six_cameras/lib/python3.10/site-packages:${PYTHONPATH} /usr/bin/python3 setup.py egg_info --egg-base build/arkvision_six_cameras build --build-base /home/gunreben/ros2_ws/src/arkvision_six_cameras/build/arkvision_six_cameras/build install --record /home/gunreben/ros2_ws/src/arkvision_six_cameras/build/arkvision_six_cameras/install.log --single-version-externally-managed
[0.524s] running egg_info
[0.525s] writing build/arkvision_six_cameras/arkvision_six_cameras.egg-info/PKG-INFO
[0.525s] writing dependency_links to build/arkvision_six_cameras/arkvision_six_cameras.egg-info/dependency_links.txt
[0.525s] writing entry points to build/arkvision_six_cameras/arkvision_six_cameras.egg-info/entry_points.txt
[0.525s] writing requirements to build/arkvision_six_cameras/arkvision_six_cameras.egg-info/requires.txt
[0.525s] writing top-level names to build/arkvision_six_cameras/arkvision_six_cameras.egg-info/top_level.txt
[0.526s] reading manifest file 'build/arkvision_six_cameras/arkvision_six_cameras.egg-info/SOURCES.txt'
[0.526s] writing manifest file 'build/arkvision_six_cameras/arkvision_six_cameras.egg-info/SOURCES.txt'
[0.526s] running build
[0.526s] running build_py
[0.526s] copying arkvision_six_cameras/camera_stream_node.py -> /home/gunreben/ros2_ws/src/arkvision_six_cameras/build/arkvision_six_cameras/build/lib/arkvision_six_cameras
[0.526s] running install
[0.526s] /usr/lib/python3/dist-packages/setuptools/command/install.py:34: SetuptoolsDeprecationWarning: setup.py install is deprecated. Use build and pip and other standards-based tools.
[0.527s]   warnings.warn(
[0.527s] running install_lib
[0.527s] copying /home/gunreben/ros2_ws/src/arkvision_six_cameras/build/arkvision_six_cameras/build/lib/arkvision_six_cameras/camera_stream_node.py -> /home/gunreben/ros2_ws/src/arkvision_six_cameras/install/arkvision_six_cameras/lib/python3.10/site-packages/arkvision_six_cameras
[0.527s] byte-compiling /home/gunreben/ros2_ws/src/arkvision_six_cameras/install/arkvision_six_cameras/lib/python3.10/site-packages/arkvision_six_cameras/camera_stream_node.py to camera_stream_node.cpython-310.pyc
[0.528s] running install_data
[0.528s] running install_egg_info
[0.529s] removing '/home/gunreben/ros2_ws/src/arkvision_six_cameras/install/arkvision_six_cameras/lib/python3.10/site-packages/arkvision_six_cameras-0.1.0-py3.10.egg-info' (and everything under it)
[0.529s] Copying build/arkvision_six_cameras/arkvision_six_cameras.egg-info to /home/gunreben/ros2_ws/src/arkvision_six_cameras/install/arkvision_six_cameras/lib/python3.10/site-packages/arkvision_six_cameras-0.1.0-py3.10.egg-info
[0.529s] running install_scripts
[0.539s] Installing camera_stream_launch script to /home/gunreben/ros2_ws/src/arkvision_six_cameras/install/arkvision_six_cameras/lib/arkvision_six_cameras
[0.539s] Installing camera_stream_node script to /home/gunreben/ros2_ws/src/arkvision_six_cameras/install/arkvision_six_cameras/lib/arkvision_six_cameras
[0.540s] writing list of installed files to '/home/gunreben/ros2_ws/src/arkvision_six_cameras/build/arkvision_six_cameras/install.log'
[0.550s] Invoked command in '/home/gunreben/ros2_ws/src/arkvision_six_cameras' returned '0': PYTHONPATH=/home/gunreben/ros2_ws/src/arkvision_six_cameras/build/arkvision_six_cameras/prefix_override:/home/gunreben/ros2_ws/src/arkvision_six_cameras/install/arkvision_six_cameras/lib/python3.10/site-packages:${PYTHONPATH} /usr/bin/python3 setup.py egg_info --egg-base build/arkvision_six_cameras build --build-base /home/gunreben/ros2_ws/src/arkvision_six_cameras/build/arkvision_six_cameras/build install --record /home/gunreben/ros2_ws/src/arkvision_six_cameras/build/arkvision_six_cameras/install.log --single-version-externally-managed
