running egg_info
writing build/arkvision_six_cameras/arkvision_six_cameras.egg-info/PKG-INFO
writing dependency_links to build/arkvision_six_cameras/arkvision_six_cameras.egg-info/dependency_links.txt
writing entry points to build/arkvision_six_cameras/arkvision_six_cameras.egg-info/entry_points.txt
writing requirements to build/arkvision_six_cameras/arkvision_six_cameras.egg-info/requires.txt
writing top-level names to build/arkvision_six_cameras/arkvision_six_cameras.egg-info/top_level.txt
reading manifest file 'build/arkvision_six_cameras/arkvision_six_cameras.egg-info/SOURCES.txt'
writing manifest file 'build/arkvision_six_cameras/arkvision_six_cameras.egg-info/SOURCES.txt'
running build
running build_py
running install
/usr/lib/python3/dist-packages/setuptools/command/install.py:34: SetuptoolsDeprecationWarning: setup.py install is deprecated. Use build and pip and other standards-based tools.
  warnings.warn(
running install_lib
running install_data
running install_egg_info
removing '/home/gunreben/ros2_ws/src/arkvision_six_cameras/install/arkvision_six_cameras/lib/python3.10/site-packages/arkvision_six_cameras-0.1.0-py3.10.egg-info' (and everything under it)
Copying build/arkvision_six_cameras/arkvision_six_cameras.egg-info to /home/gunreben/ros2_ws/src/arkvision_six_cameras/install/arkvision_six_cameras/lib/python3.10/site-packages/arkvision_six_cameras-0.1.0-py3.10.egg-info
running install_scripts
Installing camera_stream_launch script to /home/gunreben/ros2_ws/src/arkvision_six_cameras/install/arkvision_six_cameras/lib/arkvision_six_cameras
Installing camera_stream_node script to /home/gunreben/ros2_ws/src/arkvision_six_cameras/install/arkvision_six_cameras/lib/arkvision_six_cameras
writing list of installed files to '/home/gunreben/ros2_ws/src/arkvision_six_cameras/build/arkvision_six_cameras/install.log'
